<?xml version="1.0" encoding="UTF-8" ?>
<testsuite tests="20" failures="0" name="program.NumberDifference.NumberDifferenceTest" time="0.022" errors="0" skipped="0">
  <properties>
[...]
</properties>
  <testcase classname="program.NumberDifference.NumberDifferenceTest" name="testScreenHeader" time="0.007"/>
  <testcase classname="program.NumberDifference.NumberDifferenceTest" name="testRun" time="0"/>
  <testcase classname="program.NumberDifference.NumberDifferenceTest" name="testOtuputKelompok_1BatasAtas" time="0"/>
  <testcase classname="program.NumberDifference.NumberDifferenceTest" name="testScreenLabelInputNBilangan" time="0.001"/>
  <testcase classname="program.NumberDifference.NumberDifferenceTest" name="testOtuputKelompok_3BatasBawah" time="0"/>
  <testcase classname="program.NumberDifference.NumberDifferenceTest" name="testScreenLabelInputDeret" time="0.001"/>
  <testcase classname="program.NumberDifference.NumberDifferenceTest" name="testOtuputKelompok_3" time="0"/>
  <testcase classname="program.NumberDifference.NumberDifferenceTest" name="testScreenInputNumberListValue" time="0.007"/>
  <testcase classname="program.NumberDifference.NumberDifferenceTest" name="testInputNBilDalamRange_01" time="0.001"/>
  <testcase classname="program.NumberDifference.NumberDifferenceTest" name="testOtuputKelompok_2BatasBawah" time="0"/>
  <testcase classname="program.NumberDifference.NumberDifferenceTest" name="testOtuputKelompok_0" time="0"/>
  <testcase classname="program.NumberDifference.NumberDifferenceTest" name="testOtuputKelompok_1BatasBawah" time="0"/>
  <testcase classname="program.NumberDifference.NumberDifferenceTest" name="testOtuputKelompok_2BatasAtas" time="0"/>
  <testcase classname="program.NumberDifference.NumberDifferenceTest" name="testOtuputDari2InputTidakImbang1" time="0.002"/>
  <testcase classname="program.NumberDifference.NumberDifferenceTest" name="testOtuputKelompok_2" time="0"/>
  <testcase classname="program.NumberDifference.NumberDifferenceTest" name="testScreenInputNumberSingleValue" time="0.002"/>
  <testcase classname="program.NumberDifference.NumberDifferenceTest" name="testOtuputKelompok_1" time="0"/>
  <testcase classname="program.NumberDifference.NumberDifferenceTest" name="testOtuputDari2InputTidakImbang2" time="0.001"/>
  <testcase classname="program.NumberDifference.NumberDifferenceTest" name="testInputNBilLuarRange_01" time="0"/>
  <testcase classname="program.NumberDifference.NumberDifferenceTest" name="testOtuputDari2InputSama" time="0"/>
</testsuite>